Performing C SOURCE FILE Test HAVE_GCC_PREFERRED_STACK_BOUNDARY failed with the following output:
Change Dir: /home/danield/Documents/TinyOpenglEngine/build/CMakeFiles/CMakeTmp

Run Build Command(s):/usr/bin/gmake -f Makefile cmTC_341b9/fast && /usr/bin/gmake  -f CMakeFiles/cmTC_341b9.dir/build.make CMakeFiles/cmTC_341b9.dir/build
gmake[1]: Entering directory '/home/danield/Documents/TinyOpenglEngine/build/CMakeFiles/CMakeTmp'
Building C object CMakeFiles/cmTC_341b9.dir/src.c.o
/usr/bin/gcc -DHAVE_GCC_PREFERRED_STACK_BOUNDARY  -idirafter "/home/danield/Documents/TinyOpenglEngine/imgui-cmake/libs/SDL/src/video/khronos" -mpreferred-stack-boundary=2 -o CMakeFiles/cmTC_341b9.dir/src.c.o -c /home/danield/Documents/TinyOpenglEngine/build/CMakeFiles/CMakeTmp/src.c
cc1: error: ‘-mpreferred-stack-boundary=2’ is not between 3 and 12
gmake[1]: *** [CMakeFiles/cmTC_341b9.dir/build.make:78: CMakeFiles/cmTC_341b9.dir/src.c.o] Error 1
gmake[1]: Leaving directory '/home/danield/Documents/TinyOpenglEngine/build/CMakeFiles/CMakeTmp'
gmake: *** [Makefile:127: cmTC_341b9/fast] Error 2


Source file was:
int x = 0; int main(int argc, char **argv) { return 0; }
Performing C SOURCE FILE Test HAVE_ALTIVEC_H_HDR failed with the following output:
Change Dir: /home/danield/Documents/TinyOpenglEngine/build/CMakeFiles/CMakeTmp

Run Build Command(s):/usr/bin/gmake -f Makefile cmTC_9d45f/fast && /usr/bin/gmake  -f CMakeFiles/cmTC_9d45f.dir/build.make CMakeFiles/cmTC_9d45f.dir/build
gmake[1]: Entering directory '/home/danield/Documents/TinyOpenglEngine/build/CMakeFiles/CMakeTmp'
Building C object CMakeFiles/cmTC_9d45f.dir/src.c.o
/usr/bin/gcc -DHAVE_ALTIVEC_H_HDR  -idirafter "/home/danield/Documents/TinyOpenglEngine/imgui-cmake/libs/SDL/src/video/khronos" -maltivec -o CMakeFiles/cmTC_9d45f.dir/src.c.o -c /home/danield/Documents/TinyOpenglEngine/build/CMakeFiles/CMakeTmp/src.c
gcc: error: unrecognized command-line option ‘-maltivec’
gmake[1]: *** [CMakeFiles/cmTC_9d45f.dir/build.make:78: CMakeFiles/cmTC_9d45f.dir/src.c.o] Error 1
gmake[1]: Leaving directory '/home/danield/Documents/TinyOpenglEngine/build/CMakeFiles/CMakeTmp'
gmake: *** [Makefile:127: cmTC_9d45f/fast] Error 2


Source file was:

          #include <altivec.h>
          vector unsigned int vzero() {
              return vec_splat_u32(0);
          }
          int main(int argc, char **argv) { return 0; }
Performing C SOURCE FILE Test HAVE_ALTIVEC failed with the following output:
Change Dir: /home/danield/Documents/TinyOpenglEngine/build/CMakeFiles/CMakeTmp

Run Build Command(s):/usr/bin/gmake -f Makefile cmTC_33119/fast && /usr/bin/gmake  -f CMakeFiles/cmTC_33119.dir/build.make CMakeFiles/cmTC_33119.dir/build
gmake[1]: Entering directory '/home/danield/Documents/TinyOpenglEngine/build/CMakeFiles/CMakeTmp'
Building C object CMakeFiles/cmTC_33119.dir/src.c.o
/usr/bin/gcc -DHAVE_ALTIVEC  -idirafter "/home/danield/Documents/TinyOpenglEngine/imgui-cmake/libs/SDL/src/video/khronos" -maltivec -o CMakeFiles/cmTC_33119.dir/src.c.o -c /home/danield/Documents/TinyOpenglEngine/build/CMakeFiles/CMakeTmp/src.c
gcc: error: unrecognized command-line option ‘-maltivec’
gmake[1]: *** [CMakeFiles/cmTC_33119.dir/build.make:78: CMakeFiles/cmTC_33119.dir/src.c.o] Error 1
gmake[1]: Leaving directory '/home/danield/Documents/TinyOpenglEngine/build/CMakeFiles/CMakeTmp'
gmake: *** [Makefile:127: cmTC_33119/fast] Error 2


Source file was:

          vector unsigned int vzero() {
              return vec_splat_u32(0);
          }
          int main(int argc, char **argv) { return 0; }
Determining if the strlcpy exist failed with the following output:
Change Dir: /home/danield/Documents/TinyOpenglEngine/build/CMakeFiles/CMakeTmp

Run Build Command(s):/usr/bin/gmake -f Makefile cmTC_b8d62/fast && /usr/bin/gmake  -f CMakeFiles/cmTC_b8d62.dir/build.make CMakeFiles/cmTC_b8d62.dir/build
gmake[1]: Entering directory '/home/danield/Documents/TinyOpenglEngine/build/CMakeFiles/CMakeTmp'
Building C object CMakeFiles/cmTC_b8d62.dir/CheckSymbolExists.c.o
/usr/bin/gcc   -idirafter "/home/danield/Documents/TinyOpenglEngine/imgui-cmake/libs/SDL/src/video/khronos"  -o CMakeFiles/cmTC_b8d62.dir/CheckSymbolExists.c.o -c /home/danield/Documents/TinyOpenglEngine/build/CMakeFiles/CMakeTmp/CheckSymbolExists.c
/home/danield/Documents/TinyOpenglEngine/build/CMakeFiles/CMakeTmp/CheckSymbolExists.c: In function ‘main’:
/home/danield/Documents/TinyOpenglEngine/build/CMakeFiles/CMakeTmp/CheckSymbolExists.c:14:19: error: ‘strlcpy’ undeclared (first use in this function); did you mean ‘strncpy’?
   14 |   return ((int*)(&strlcpy))[argc];
      |                   ^~~~~~~
      |                   strncpy
/home/danield/Documents/TinyOpenglEngine/build/CMakeFiles/CMakeTmp/CheckSymbolExists.c:14:19: note: each undeclared identifier is reported only once for each function it appears in
gmake[1]: *** [CMakeFiles/cmTC_b8d62.dir/build.make:78: CMakeFiles/cmTC_b8d62.dir/CheckSymbolExists.c.o] Error 1
gmake[1]: Leaving directory '/home/danield/Documents/TinyOpenglEngine/build/CMakeFiles/CMakeTmp'
gmake: *** [Makefile:127: cmTC_b8d62/fast] Error 2


File /home/danield/Documents/TinyOpenglEngine/build/CMakeFiles/CMakeTmp/CheckSymbolExists.c:
/* */
#include <stddef.h>
#include <stdarg.h>
#include <stdlib.h>
#include <string.h>
#include <stdio.h>
#include <wchar.h>
#include <float.h>

int main(int argc, char** argv)
{
  (void)argv;
#ifndef strlcpy
  return ((int*)(&strlcpy))[argc];
#else
  (void)argc;
  return 0;
#endif
}
Determining if the strlcat exist failed with the following output:
Change Dir: /home/danield/Documents/TinyOpenglEngine/build/CMakeFiles/CMakeTmp

Run Build Command(s):/usr/bin/gmake -f Makefile cmTC_f2b15/fast && /usr/bin/gmake  -f CMakeFiles/cmTC_f2b15.dir/build.make CMakeFiles/cmTC_f2b15.dir/build
gmake[1]: Entering directory '/home/danield/Documents/TinyOpenglEngine/build/CMakeFiles/CMakeTmp'
Building C object CMakeFiles/cmTC_f2b15.dir/CheckSymbolExists.c.o
/usr/bin/gcc   -idirafter "/home/danield/Documents/TinyOpenglEngine/imgui-cmake/libs/SDL/src/video/khronos"  -o CMakeFiles/cmTC_f2b15.dir/CheckSymbolExists.c.o -c /home/danield/Documents/TinyOpenglEngine/build/CMakeFiles/CMakeTmp/CheckSymbolExists.c
/home/danield/Documents/TinyOpenglEngine/build/CMakeFiles/CMakeTmp/CheckSymbolExists.c: In function ‘main’:
/home/danield/Documents/TinyOpenglEngine/build/CMakeFiles/CMakeTmp/CheckSymbolExists.c:14:19: error: ‘strlcat’ undeclared (first use in this function); did you mean ‘strncat’?
   14 |   return ((int*)(&strlcat))[argc];
      |                   ^~~~~~~
      |                   strncat
/home/danield/Documents/TinyOpenglEngine/build/CMakeFiles/CMakeTmp/CheckSymbolExists.c:14:19: note: each undeclared identifier is reported only once for each function it appears in
gmake[1]: *** [CMakeFiles/cmTC_f2b15.dir/build.make:78: CMakeFiles/cmTC_f2b15.dir/CheckSymbolExists.c.o] Error 1
gmake[1]: Leaving directory '/home/danield/Documents/TinyOpenglEngine/build/CMakeFiles/CMakeTmp'
gmake: *** [Makefile:127: cmTC_f2b15/fast] Error 2


File /home/danield/Documents/TinyOpenglEngine/build/CMakeFiles/CMakeTmp/CheckSymbolExists.c:
/* */
#include <stddef.h>
#include <stdarg.h>
#include <stdlib.h>
#include <string.h>
#include <stdio.h>
#include <wchar.h>
#include <float.h>

int main(int argc, char** argv)
{
  (void)argv;
#ifndef strlcat
  return ((int*)(&strlcat))[argc];
#else
  (void)argc;
  return 0;
#endif
}
Determining if the _strrev exist failed with the following output:
Change Dir: /home/danield/Documents/TinyOpenglEngine/build/CMakeFiles/CMakeTmp

Run Build Command(s):/usr/bin/gmake -f Makefile cmTC_1180d/fast && /usr/bin/gmake  -f CMakeFiles/cmTC_1180d.dir/build.make CMakeFiles/cmTC_1180d.dir/build
gmake[1]: Entering directory '/home/danield/Documents/TinyOpenglEngine/build/CMakeFiles/CMakeTmp'
Building C object CMakeFiles/cmTC_1180d.dir/CheckSymbolExists.c.o
/usr/bin/gcc   -idirafter "/home/danield/Documents/TinyOpenglEngine/imgui-cmake/libs/SDL/src/video/khronos"  -o CMakeFiles/cmTC_1180d.dir/CheckSymbolExists.c.o -c /home/danield/Documents/TinyOpenglEngine/build/CMakeFiles/CMakeTmp/CheckSymbolExists.c
/home/danield/Documents/TinyOpenglEngine/build/CMakeFiles/CMakeTmp/CheckSymbolExists.c: In function ‘main’:
/home/danield/Documents/TinyOpenglEngine/build/CMakeFiles/CMakeTmp/CheckSymbolExists.c:14:19: error: ‘_strrev’ undeclared (first use in this function)
   14 |   return ((int*)(&_strrev))[argc];
      |                   ^~~~~~~
/home/danield/Documents/TinyOpenglEngine/build/CMakeFiles/CMakeTmp/CheckSymbolExists.c:14:19: note: each undeclared identifier is reported only once for each function it appears in
gmake[1]: *** [CMakeFiles/cmTC_1180d.dir/build.make:78: CMakeFiles/cmTC_1180d.dir/CheckSymbolExists.c.o] Error 1
gmake[1]: Leaving directory '/home/danield/Documents/TinyOpenglEngine/build/CMakeFiles/CMakeTmp'
gmake: *** [Makefile:127: cmTC_1180d/fast] Error 2


File /home/danield/Documents/TinyOpenglEngine/build/CMakeFiles/CMakeTmp/CheckSymbolExists.c:
/* */
#include <stddef.h>
#include <stdarg.h>
#include <stdlib.h>
#include <string.h>
#include <stdio.h>
#include <wchar.h>
#include <float.h>

int main(int argc, char** argv)
{
  (void)argv;
#ifndef _strrev
  return ((int*)(&_strrev))[argc];
#else
  (void)argc;
  return 0;
#endif
}
Determining if the _strupr exist failed with the following output:
Change Dir: /home/danield/Documents/TinyOpenglEngine/build/CMakeFiles/CMakeTmp

Run Build Command(s):/usr/bin/gmake -f Makefile cmTC_15d95/fast && /usr/bin/gmake  -f CMakeFiles/cmTC_15d95.dir/build.make CMakeFiles/cmTC_15d95.dir/build
gmake[1]: Entering directory '/home/danield/Documents/TinyOpenglEngine/build/CMakeFiles/CMakeTmp'
Building C object CMakeFiles/cmTC_15d95.dir/CheckSymbolExists.c.o
/usr/bin/gcc   -idirafter "/home/danield/Documents/TinyOpenglEngine/imgui-cmake/libs/SDL/src/video/khronos"  -o CMakeFiles/cmTC_15d95.dir/CheckSymbolExists.c.o -c /home/danield/Documents/TinyOpenglEngine/build/CMakeFiles/CMakeTmp/CheckSymbolExists.c
/home/danield/Documents/TinyOpenglEngine/build/CMakeFiles/CMakeTmp/CheckSymbolExists.c: In function ‘main’:
/home/danield/Documents/TinyOpenglEngine/build/CMakeFiles/CMakeTmp/CheckSymbolExists.c:14:19: error: ‘_strupr’ undeclared (first use in this function)
   14 |   return ((int*)(&_strupr))[argc];
      |                   ^~~~~~~
/home/danield/Documents/TinyOpenglEngine/build/CMakeFiles/CMakeTmp/CheckSymbolExists.c:14:19: note: each undeclared identifier is reported only once for each function it appears in
gmake[1]: *** [CMakeFiles/cmTC_15d95.dir/build.make:78: CMakeFiles/cmTC_15d95.dir/CheckSymbolExists.c.o] Error 1
gmake[1]: Leaving directory '/home/danield/Documents/TinyOpenglEngine/build/CMakeFiles/CMakeTmp'
gmake: *** [Makefile:127: cmTC_15d95/fast] Error 2


File /home/danield/Documents/TinyOpenglEngine/build/CMakeFiles/CMakeTmp/CheckSymbolExists.c:
/* */
#include <stddef.h>
#include <stdarg.h>
#include <stdlib.h>
#include <string.h>
#include <stdio.h>
#include <wchar.h>
#include <float.h>

int main(int argc, char** argv)
{
  (void)argv;
#ifndef _strupr
  return ((int*)(&_strupr))[argc];
#else
  (void)argc;
  return 0;
#endif
}
Determining if the _strlwr exist failed with the following output:
Change Dir: /home/danield/Documents/TinyOpenglEngine/build/CMakeFiles/CMakeTmp

Run Build Command(s):/usr/bin/gmake -f Makefile cmTC_8d3c1/fast && /usr/bin/gmake  -f CMakeFiles/cmTC_8d3c1.dir/build.make CMakeFiles/cmTC_8d3c1.dir/build
gmake[1]: Entering directory '/home/danield/Documents/TinyOpenglEngine/build/CMakeFiles/CMakeTmp'
Building C object CMakeFiles/cmTC_8d3c1.dir/CheckSymbolExists.c.o
/usr/bin/gcc   -idirafter "/home/danield/Documents/TinyOpenglEngine/imgui-cmake/libs/SDL/src/video/khronos"  -o CMakeFiles/cmTC_8d3c1.dir/CheckSymbolExists.c.o -c /home/danield/Documents/TinyOpenglEngine/build/CMakeFiles/CMakeTmp/CheckSymbolExists.c
/home/danield/Documents/TinyOpenglEngine/build/CMakeFiles/CMakeTmp/CheckSymbolExists.c: In function ‘main’:
/home/danield/Documents/TinyOpenglEngine/build/CMakeFiles/CMakeTmp/CheckSymbolExists.c:14:19: error: ‘_strlwr’ undeclared (first use in this function)
   14 |   return ((int*)(&_strlwr))[argc];
      |                   ^~~~~~~
/home/danield/Documents/TinyOpenglEngine/build/CMakeFiles/CMakeTmp/CheckSymbolExists.c:14:19: note: each undeclared identifier is reported only once for each function it appears in
gmake[1]: *** [CMakeFiles/cmTC_8d3c1.dir/build.make:78: CMakeFiles/cmTC_8d3c1.dir/CheckSymbolExists.c.o] Error 1
gmake[1]: Leaving directory '/home/danield/Documents/TinyOpenglEngine/build/CMakeFiles/CMakeTmp'
gmake: *** [Makefile:127: cmTC_8d3c1/fast] Error 2


File /home/danield/Documents/TinyOpenglEngine/build/CMakeFiles/CMakeTmp/CheckSymbolExists.c:
/* */
#include <stddef.h>
#include <stdarg.h>
#include <stdlib.h>
#include <string.h>
#include <stdio.h>
#include <wchar.h>
#include <float.h>

int main(int argc, char** argv)
{
  (void)argv;
#ifndef _strlwr
  return ((int*)(&_strlwr))[argc];
#else
  (void)argc;
  return 0;
#endif
}
Determining if the itoa exist failed with the following output:
Change Dir: /home/danield/Documents/TinyOpenglEngine/build/CMakeFiles/CMakeTmp

Run Build Command(s):/usr/bin/gmake -f Makefile cmTC_ec483/fast && /usr/bin/gmake  -f CMakeFiles/cmTC_ec483.dir/build.make CMakeFiles/cmTC_ec483.dir/build
gmake[1]: Entering directory '/home/danield/Documents/TinyOpenglEngine/build/CMakeFiles/CMakeTmp'
Building C object CMakeFiles/cmTC_ec483.dir/CheckSymbolExists.c.o
/usr/bin/gcc   -idirafter "/home/danield/Documents/TinyOpenglEngine/imgui-cmake/libs/SDL/src/video/khronos"  -o CMakeFiles/cmTC_ec483.dir/CheckSymbolExists.c.o -c /home/danield/Documents/TinyOpenglEngine/build/CMakeFiles/CMakeTmp/CheckSymbolExists.c
/home/danield/Documents/TinyOpenglEngine/build/CMakeFiles/CMakeTmp/CheckSymbolExists.c: In function ‘main’:
/home/danield/Documents/TinyOpenglEngine/build/CMakeFiles/CMakeTmp/CheckSymbolExists.c:14:19: error: ‘itoa’ undeclared (first use in this function)
   14 |   return ((int*)(&itoa))[argc];
      |                   ^~~~
/home/danield/Documents/TinyOpenglEngine/build/CMakeFiles/CMakeTmp/CheckSymbolExists.c:14:19: note: each undeclared identifier is reported only once for each function it appears in
gmake[1]: *** [CMakeFiles/cmTC_ec483.dir/build.make:78: CMakeFiles/cmTC_ec483.dir/CheckSymbolExists.c.o] Error 1
gmake[1]: Leaving directory '/home/danield/Documents/TinyOpenglEngine/build/CMakeFiles/CMakeTmp'
gmake: *** [Makefile:127: cmTC_ec483/fast] Error 2


File /home/danield/Documents/TinyOpenglEngine/build/CMakeFiles/CMakeTmp/CheckSymbolExists.c:
/* */
#include <stddef.h>
#include <stdarg.h>
#include <stdlib.h>
#include <string.h>
#include <stdio.h>
#include <wchar.h>
#include <float.h>

int main(int argc, char** argv)
{
  (void)argv;
#ifndef itoa
  return ((int*)(&itoa))[argc];
#else
  (void)argc;
  return 0;
#endif
}
Determining if the _ltoa exist failed with the following output:
Change Dir: /home/danield/Documents/TinyOpenglEngine/build/CMakeFiles/CMakeTmp

Run Build Command(s):/usr/bin/gmake -f Makefile cmTC_f2161/fast && /usr/bin/gmake  -f CMakeFiles/cmTC_f2161.dir/build.make CMakeFiles/cmTC_f2161.dir/build
gmake[1]: Entering directory '/home/danield/Documents/TinyOpenglEngine/build/CMakeFiles/CMakeTmp'
Building C object CMakeFiles/cmTC_f2161.dir/CheckSymbolExists.c.o
/usr/bin/gcc   -idirafter "/home/danield/Documents/TinyOpenglEngine/imgui-cmake/libs/SDL/src/video/khronos"  -o CMakeFiles/cmTC_f2161.dir/CheckSymbolExists.c.o -c /home/danield/Documents/TinyOpenglEngine/build/CMakeFiles/CMakeTmp/CheckSymbolExists.c
/home/danield/Documents/TinyOpenglEngine/build/CMakeFiles/CMakeTmp/CheckSymbolExists.c: In function ‘main’:
/home/danield/Documents/TinyOpenglEngine/build/CMakeFiles/CMakeTmp/CheckSymbolExists.c:14:19: error: ‘_ltoa’ undeclared (first use in this function)
   14 |   return ((int*)(&_ltoa))[argc];
      |                   ^~~~~
/home/danield/Documents/TinyOpenglEngine/build/CMakeFiles/CMakeTmp/CheckSymbolExists.c:14:19: note: each undeclared identifier is reported only once for each function it appears in
gmake[1]: *** [CMakeFiles/cmTC_f2161.dir/build.make:78: CMakeFiles/cmTC_f2161.dir/CheckSymbolExists.c.o] Error 1
gmake[1]: Leaving directory '/home/danield/Documents/TinyOpenglEngine/build/CMakeFiles/CMakeTmp'
gmake: *** [Makefile:127: cmTC_f2161/fast] Error 2


File /home/danield/Documents/TinyOpenglEngine/build/CMakeFiles/CMakeTmp/CheckSymbolExists.c:
/* */
#include <stddef.h>
#include <stdarg.h>
#include <stdlib.h>
#include <string.h>
#include <stdio.h>
#include <wchar.h>
#include <float.h>

int main(int argc, char** argv)
{
  (void)argv;
#ifndef _ltoa
  return ((int*)(&_ltoa))[argc];
#else
  (void)argc;
  return 0;
#endif
}
Determining if the _uitoa exist failed with the following output:
Change Dir: /home/danield/Documents/TinyOpenglEngine/build/CMakeFiles/CMakeTmp

Run Build Command(s):/usr/bin/gmake -f Makefile cmTC_caccf/fast && /usr/bin/gmake  -f CMakeFiles/cmTC_caccf.dir/build.make CMakeFiles/cmTC_caccf.dir/build
gmake[1]: Entering directory '/home/danield/Documents/TinyOpenglEngine/build/CMakeFiles/CMakeTmp'
Building C object CMakeFiles/cmTC_caccf.dir/CheckSymbolExists.c.o
/usr/bin/gcc   -idirafter "/home/danield/Documents/TinyOpenglEngine/imgui-cmake/libs/SDL/src/video/khronos"  -o CMakeFiles/cmTC_caccf.dir/CheckSymbolExists.c.o -c /home/danield/Documents/TinyOpenglEngine/build/CMakeFiles/CMakeTmp/CheckSymbolExists.c
/home/danield/Documents/TinyOpenglEngine/build/CMakeFiles/CMakeTmp/CheckSymbolExists.c: In function ‘main’:
/home/danield/Documents/TinyOpenglEngine/build/CMakeFiles/CMakeTmp/CheckSymbolExists.c:14:19: error: ‘_uitoa’ undeclared (first use in this function)
   14 |   return ((int*)(&_uitoa))[argc];
      |                   ^~~~~~
/home/danield/Documents/TinyOpenglEngine/build/CMakeFiles/CMakeTmp/CheckSymbolExists.c:14:19: note: each undeclared identifier is reported only once for each function it appears in
gmake[1]: *** [CMakeFiles/cmTC_caccf.dir/build.make:78: CMakeFiles/cmTC_caccf.dir/CheckSymbolExists.c.o] Error 1
gmake[1]: Leaving directory '/home/danield/Documents/TinyOpenglEngine/build/CMakeFiles/CMakeTmp'
gmake: *** [Makefile:127: cmTC_caccf/fast] Error 2


File /home/danield/Documents/TinyOpenglEngine/build/CMakeFiles/CMakeTmp/CheckSymbolExists.c:
/* */
#include <stddef.h>
#include <stdarg.h>
#include <stdlib.h>
#include <string.h>
#include <stdio.h>
#include <wchar.h>
#include <float.h>

int main(int argc, char** argv)
{
  (void)argv;
#ifndef _uitoa
  return ((int*)(&_uitoa))[argc];
#else
  (void)argc;
  return 0;
#endif
}
Determining if the _ultoa exist failed with the following output:
Change Dir: /home/danield/Documents/TinyOpenglEngine/build/CMakeFiles/CMakeTmp

Run Build Command(s):/usr/bin/gmake -f Makefile cmTC_7b178/fast && /usr/bin/gmake  -f CMakeFiles/cmTC_7b178.dir/build.make CMakeFiles/cmTC_7b178.dir/build
gmake[1]: Entering directory '/home/danield/Documents/TinyOpenglEngine/build/CMakeFiles/CMakeTmp'
Building C object CMakeFiles/cmTC_7b178.dir/CheckSymbolExists.c.o
/usr/bin/gcc   -idirafter "/home/danield/Documents/TinyOpenglEngine/imgui-cmake/libs/SDL/src/video/khronos"  -o CMakeFiles/cmTC_7b178.dir/CheckSymbolExists.c.o -c /home/danield/Documents/TinyOpenglEngine/build/CMakeFiles/CMakeTmp/CheckSymbolExists.c
/home/danield/Documents/TinyOpenglEngine/build/CMakeFiles/CMakeTmp/CheckSymbolExists.c: In function ‘main’:
/home/danield/Documents/TinyOpenglEngine/build/CMakeFiles/CMakeTmp/CheckSymbolExists.c:14:19: error: ‘_ultoa’ undeclared (first use in this function)
   14 |   return ((int*)(&_ultoa))[argc];
      |                   ^~~~~~
/home/danield/Documents/TinyOpenglEngine/build/CMakeFiles/CMakeTmp/CheckSymbolExists.c:14:19: note: each undeclared identifier is reported only once for each function it appears in
gmake[1]: *** [CMakeFiles/cmTC_7b178.dir/build.make:78: CMakeFiles/cmTC_7b178.dir/CheckSymbolExists.c.o] Error 1
gmake[1]: Leaving directory '/home/danield/Documents/TinyOpenglEngine/build/CMakeFiles/CMakeTmp'
gmake: *** [Makefile:127: cmTC_7b178/fast] Error 2


File /home/danield/Documents/TinyOpenglEngine/build/CMakeFiles/CMakeTmp/CheckSymbolExists.c:
/* */
#include <stddef.h>
#include <stdarg.h>
#include <stdlib.h>
#include <string.h>
#include <stdio.h>
#include <wchar.h>
#include <float.h>

int main(int argc, char** argv)
{
  (void)argv;
#ifndef _ultoa
  return ((int*)(&_ultoa))[argc];
#else
  (void)argc;
  return 0;
#endif
}
Determining if the _i64toa exist failed with the following output:
Change Dir: /home/danield/Documents/TinyOpenglEngine/build/CMakeFiles/CMakeTmp

Run Build Command(s):/usr/bin/gmake -f Makefile cmTC_eb078/fast && /usr/bin/gmake  -f CMakeFiles/cmTC_eb078.dir/build.make CMakeFiles/cmTC_eb078.dir/build
gmake[1]: Entering directory '/home/danield/Documents/TinyOpenglEngine/build/CMakeFiles/CMakeTmp'
Building C object CMakeFiles/cmTC_eb078.dir/CheckSymbolExists.c.o
/usr/bin/gcc   -idirafter "/home/danield/Documents/TinyOpenglEngine/imgui-cmake/libs/SDL/src/video/khronos"  -o CMakeFiles/cmTC_eb078.dir/CheckSymbolExists.c.o -c /home/danield/Documents/TinyOpenglEngine/build/CMakeFiles/CMakeTmp/CheckSymbolExists.c
/home/danield/Documents/TinyOpenglEngine/build/CMakeFiles/CMakeTmp/CheckSymbolExists.c: In function ‘main’:
/home/danield/Documents/TinyOpenglEngine/build/CMakeFiles/CMakeTmp/CheckSymbolExists.c:14:19: error: ‘_i64toa’ undeclared (first use in this function)
   14 |   return ((int*)(&_i64toa))[argc];
      |                   ^~~~~~~
/home/danield/Documents/TinyOpenglEngine/build/CMakeFiles/CMakeTmp/CheckSymbolExists.c:14:19: note: each undeclared identifier is reported only once for each function it appears in
gmake[1]: *** [CMakeFiles/cmTC_eb078.dir/build.make:78: CMakeFiles/cmTC_eb078.dir/CheckSymbolExists.c.o] Error 1
gmake[1]: Leaving directory '/home/danield/Documents/TinyOpenglEngine/build/CMakeFiles/CMakeTmp'
gmake: *** [Makefile:127: cmTC_eb078/fast] Error 2


File /home/danield/Documents/TinyOpenglEngine/build/CMakeFiles/CMakeTmp/CheckSymbolExists.c:
/* */
#include <stddef.h>
#include <stdarg.h>
#include <stdlib.h>
#include <string.h>
#include <stdio.h>
#include <wchar.h>
#include <float.h>

int main(int argc, char** argv)
{
  (void)argv;
#ifndef _i64toa
  return ((int*)(&_i64toa))[argc];
#else
  (void)argc;
  return 0;
#endif
}
Determining if the _ui64toa exist failed with the following output:
Change Dir: /home/danield/Documents/TinyOpenglEngine/build/CMakeFiles/CMakeTmp

Run Build Command(s):/usr/bin/gmake -f Makefile cmTC_352ec/fast && /usr/bin/gmake  -f CMakeFiles/cmTC_352ec.dir/build.make CMakeFiles/cmTC_352ec.dir/build
gmake[1]: Entering directory '/home/danield/Documents/TinyOpenglEngine/build/CMakeFiles/CMakeTmp'
Building C object CMakeFiles/cmTC_352ec.dir/CheckSymbolExists.c.o
/usr/bin/gcc   -idirafter "/home/danield/Documents/TinyOpenglEngine/imgui-cmake/libs/SDL/src/video/khronos"  -o CMakeFiles/cmTC_352ec.dir/CheckSymbolExists.c.o -c /home/danield/Documents/TinyOpenglEngine/build/CMakeFiles/CMakeTmp/CheckSymbolExists.c
/home/danield/Documents/TinyOpenglEngine/build/CMakeFiles/CMakeTmp/CheckSymbolExists.c: In function ‘main’:
/home/danield/Documents/TinyOpenglEngine/build/CMakeFiles/CMakeTmp/CheckSymbolExists.c:14:19: error: ‘_ui64toa’ undeclared (first use in this function)
   14 |   return ((int*)(&_ui64toa))[argc];
      |                   ^~~~~~~~
/home/danield/Documents/TinyOpenglEngine/build/CMakeFiles/CMakeTmp/CheckSymbolExists.c:14:19: note: each undeclared identifier is reported only once for each function it appears in
gmake[1]: *** [CMakeFiles/cmTC_352ec.dir/build.make:78: CMakeFiles/cmTC_352ec.dir/CheckSymbolExists.c.o] Error 1
gmake[1]: Leaving directory '/home/danield/Documents/TinyOpenglEngine/build/CMakeFiles/CMakeTmp'
gmake: *** [Makefile:127: cmTC_352ec/fast] Error 2


File /home/danield/Documents/TinyOpenglEngine/build/CMakeFiles/CMakeTmp/CheckSymbolExists.c:
/* */
#include <stddef.h>
#include <stdarg.h>
#include <stdlib.h>
#include <string.h>
#include <stdio.h>
#include <wchar.h>
#include <float.h>

int main(int argc, char** argv)
{
  (void)argv;
#ifndef _ui64toa
  return ((int*)(&_ui64toa))[argc];
#else
  (void)argc;
  return 0;
#endif
}
Determining if the _stricmp exist failed with the following output:
Change Dir: /home/danield/Documents/TinyOpenglEngine/build/CMakeFiles/CMakeTmp

Run Build Command(s):/usr/bin/gmake -f Makefile cmTC_b840f/fast && /usr/bin/gmake  -f CMakeFiles/cmTC_b840f.dir/build.make CMakeFiles/cmTC_b840f.dir/build
gmake[1]: Entering directory '/home/danield/Documents/TinyOpenglEngine/build/CMakeFiles/CMakeTmp'
Building C object CMakeFiles/cmTC_b840f.dir/CheckSymbolExists.c.o
/usr/bin/gcc   -idirafter "/home/danield/Documents/TinyOpenglEngine/imgui-cmake/libs/SDL/src/video/khronos"  -o CMakeFiles/cmTC_b840f.dir/CheckSymbolExists.c.o -c /home/danield/Documents/TinyOpenglEngine/build/CMakeFiles/CMakeTmp/CheckSymbolExists.c
/home/danield/Documents/TinyOpenglEngine/build/CMakeFiles/CMakeTmp/CheckSymbolExists.c: In function ‘main’:
/home/danield/Documents/TinyOpenglEngine/build/CMakeFiles/CMakeTmp/CheckSymbolExists.c:14:19: error: ‘_stricmp’ undeclared (first use in this function); did you mean ‘strncmp’?
   14 |   return ((int*)(&_stricmp))[argc];
      |                   ^~~~~~~~
      |                   strncmp
/home/danield/Documents/TinyOpenglEngine/build/CMakeFiles/CMakeTmp/CheckSymbolExists.c:14:19: note: each undeclared identifier is reported only once for each function it appears in
gmake[1]: *** [CMakeFiles/cmTC_b840f.dir/build.make:78: CMakeFiles/cmTC_b840f.dir/CheckSymbolExists.c.o] Error 1
gmake[1]: Leaving directory '/home/danield/Documents/TinyOpenglEngine/build/CMakeFiles/CMakeTmp'
gmake: *** [Makefile:127: cmTC_b840f/fast] Error 2


File /home/danield/Documents/TinyOpenglEngine/build/CMakeFiles/CMakeTmp/CheckSymbolExists.c:
/* */
#include <stddef.h>
#include <stdarg.h>
#include <stdlib.h>
#include <string.h>
#include <stdio.h>
#include <wchar.h>
#include <float.h>

int main(int argc, char** argv)
{
  (void)argv;
#ifndef _stricmp
  return ((int*)(&_stricmp))[argc];
#else
  (void)argc;
  return 0;
#endif
}
Determining if the _strnicmp exist failed with the following output:
Change Dir: /home/danield/Documents/TinyOpenglEngine/build/CMakeFiles/CMakeTmp

Run Build Command(s):/usr/bin/gmake -f Makefile cmTC_ac35c/fast && /usr/bin/gmake  -f CMakeFiles/cmTC_ac35c.dir/build.make CMakeFiles/cmTC_ac35c.dir/build
gmake[1]: Entering directory '/home/danield/Documents/TinyOpenglEngine/build/CMakeFiles/CMakeTmp'
Building C object CMakeFiles/cmTC_ac35c.dir/CheckSymbolExists.c.o
/usr/bin/gcc   -idirafter "/home/danield/Documents/TinyOpenglEngine/imgui-cmake/libs/SDL/src/video/khronos"  -o CMakeFiles/cmTC_ac35c.dir/CheckSymbolExists.c.o -c /home/danield/Documents/TinyOpenglEngine/build/CMakeFiles/CMakeTmp/CheckSymbolExists.c
/home/danield/Documents/TinyOpenglEngine/build/CMakeFiles/CMakeTmp/CheckSymbolExists.c: In function ‘main’:
/home/danield/Documents/TinyOpenglEngine/build/CMakeFiles/CMakeTmp/CheckSymbolExists.c:14:19: error: ‘_strnicmp’ undeclared (first use in this function); did you mean ‘strncmp’?
   14 |   return ((int*)(&_strnicmp))[argc];
      |                   ^~~~~~~~~
      |                   strncmp
/home/danield/Documents/TinyOpenglEngine/build/CMakeFiles/CMakeTmp/CheckSymbolExists.c:14:19: note: each undeclared identifier is reported only once for each function it appears in
gmake[1]: *** [CMakeFiles/cmTC_ac35c.dir/build.make:78: CMakeFiles/cmTC_ac35c.dir/CheckSymbolExists.c.o] Error 1
gmake[1]: Leaving directory '/home/danield/Documents/TinyOpenglEngine/build/CMakeFiles/CMakeTmp'
gmake: *** [Makefile:127: cmTC_ac35c/fast] Error 2


File /home/danield/Documents/TinyOpenglEngine/build/CMakeFiles/CMakeTmp/CheckSymbolExists.c:
/* */
#include <stddef.h>
#include <stdarg.h>
#include <stdlib.h>
#include <string.h>
#include <stdio.h>
#include <wchar.h>
#include <float.h>

int main(int argc, char** argv)
{
  (void)argv;
#ifndef _strnicmp
  return ((int*)(&_strnicmp))[argc];
#else
  (void)argc;
  return 0;
#endif
}
Determining if the _wcsdup exist failed with the following output:
Change Dir: /home/danield/Documents/TinyOpenglEngine/build/CMakeFiles/CMakeTmp

Run Build Command(s):/usr/bin/gmake -f Makefile cmTC_b23fe/fast && /usr/bin/gmake  -f CMakeFiles/cmTC_b23fe.dir/build.make CMakeFiles/cmTC_b23fe.dir/build
gmake[1]: Entering directory '/home/danield/Documents/TinyOpenglEngine/build/CMakeFiles/CMakeTmp'
Building C object CMakeFiles/cmTC_b23fe.dir/CheckSymbolExists.c.o
/usr/bin/gcc   -idirafter "/home/danield/Documents/TinyOpenglEngine/imgui-cmake/libs/SDL/src/video/khronos"  -o CMakeFiles/cmTC_b23fe.dir/CheckSymbolExists.c.o -c /home/danield/Documents/TinyOpenglEngine/build/CMakeFiles/CMakeTmp/CheckSymbolExists.c
/home/danield/Documents/TinyOpenglEngine/build/CMakeFiles/CMakeTmp/CheckSymbolExists.c: In function ‘main’:
/home/danield/Documents/TinyOpenglEngine/build/CMakeFiles/CMakeTmp/CheckSymbolExists.c:14:19: error: ‘_wcsdup’ undeclared (first use in this function); did you mean ‘wcsdup’?
   14 |   return ((int*)(&_wcsdup))[argc];
      |                   ^~~~~~~
      |                   wcsdup
/home/danield/Documents/TinyOpenglEngine/build/CMakeFiles/CMakeTmp/CheckSymbolExists.c:14:19: note: each undeclared identifier is reported only once for each function it appears in
gmake[1]: *** [CMakeFiles/cmTC_b23fe.dir/build.make:78: CMakeFiles/cmTC_b23fe.dir/CheckSymbolExists.c.o] Error 1
gmake[1]: Leaving directory '/home/danield/Documents/TinyOpenglEngine/build/CMakeFiles/CMakeTmp'
gmake: *** [Makefile:127: cmTC_b23fe/fast] Error 2


File /home/danield/Documents/TinyOpenglEngine/build/CMakeFiles/CMakeTmp/CheckSymbolExists.c:
/* */
#include <stddef.h>
#include <stdarg.h>
#include <stdlib.h>
#include <string.h>
#include <stdio.h>
#include <wchar.h>
#include <float.h>

int main(int argc, char** argv)
{
  (void)argv;
#ifndef _wcsdup
  return ((int*)(&_wcsdup))[argc];
#else
  (void)argc;
  return 0;
#endif
}
Determining if the wcslcat exist failed with the following output:
Change Dir: /home/danield/Documents/TinyOpenglEngine/build/CMakeFiles/CMakeTmp

Run Build Command(s):/usr/bin/gmake -f Makefile cmTC_389a8/fast && /usr/bin/gmake  -f CMakeFiles/cmTC_389a8.dir/build.make CMakeFiles/cmTC_389a8.dir/build
gmake[1]: Entering directory '/home/danield/Documents/TinyOpenglEngine/build/CMakeFiles/CMakeTmp'
Building C object CMakeFiles/cmTC_389a8.dir/CheckSymbolExists.c.o
/usr/bin/gcc   -idirafter "/home/danield/Documents/TinyOpenglEngine/imgui-cmake/libs/SDL/src/video/khronos"  -o CMakeFiles/cmTC_389a8.dir/CheckSymbolExists.c.o -c /home/danield/Documents/TinyOpenglEngine/build/CMakeFiles/CMakeTmp/CheckSymbolExists.c
/home/danield/Documents/TinyOpenglEngine/build/CMakeFiles/CMakeTmp/CheckSymbolExists.c: In function ‘main’:
/home/danield/Documents/TinyOpenglEngine/build/CMakeFiles/CMakeTmp/CheckSymbolExists.c:14:19: error: ‘wcslcat’ undeclared (first use in this function); did you mean ‘wcsncat’?
   14 |   return ((int*)(&wcslcat))[argc];
      |                   ^~~~~~~
      |                   wcsncat
/home/danield/Documents/TinyOpenglEngine/build/CMakeFiles/CMakeTmp/CheckSymbolExists.c:14:19: note: each undeclared identifier is reported only once for each function it appears in
gmake[1]: *** [CMakeFiles/cmTC_389a8.dir/build.make:78: CMakeFiles/cmTC_389a8.dir/CheckSymbolExists.c.o] Error 1
gmake[1]: Leaving directory '/home/danield/Documents/TinyOpenglEngine/build/CMakeFiles/CMakeTmp'
gmake: *** [Makefile:127: cmTC_389a8/fast] Error 2


File /home/danield/Documents/TinyOpenglEngine/build/CMakeFiles/CMakeTmp/CheckSymbolExists.c:
/* */
#include <stddef.h>
#include <stdarg.h>
#include <stdlib.h>
#include <string.h>
#include <stdio.h>
#include <wchar.h>
#include <float.h>

int main(int argc, char** argv)
{
  (void)argv;
#ifndef wcslcat
  return ((int*)(&wcslcat))[argc];
#else
  (void)argc;
  return 0;
#endif
}
Determining if the wcslcpy exist failed with the following output:
Change Dir: /home/danield/Documents/TinyOpenglEngine/build/CMakeFiles/CMakeTmp

Run Build Command(s):/usr/bin/gmake -f Makefile cmTC_79460/fast && /usr/bin/gmake  -f CMakeFiles/cmTC_79460.dir/build.make CMakeFiles/cmTC_79460.dir/build
gmake[1]: Entering directory '/home/danield/Documents/TinyOpenglEngine/build/CMakeFiles/CMakeTmp'
Building C object CMakeFiles/cmTC_79460.dir/CheckSymbolExists.c.o
/usr/bin/gcc   -idirafter "/home/danield/Documents/TinyOpenglEngine/imgui-cmake/libs/SDL/src/video/khronos"  -o CMakeFiles/cmTC_79460.dir/CheckSymbolExists.c.o -c /home/danield/Documents/TinyOpenglEngine/build/CMakeFiles/CMakeTmp/CheckSymbolExists.c
/home/danield/Documents/TinyOpenglEngine/build/CMakeFiles/CMakeTmp/CheckSymbolExists.c: In function ‘main’:
/home/danield/Documents/TinyOpenglEngine/build/CMakeFiles/CMakeTmp/CheckSymbolExists.c:14:19: error: ‘wcslcpy’ undeclared (first use in this function); did you mean ‘wcsncpy’?
   14 |   return ((int*)(&wcslcpy))[argc];
      |                   ^~~~~~~
      |                   wcsncpy
/home/danield/Documents/TinyOpenglEngine/build/CMakeFiles/CMakeTmp/CheckSymbolExists.c:14:19: note: each undeclared identifier is reported only once for each function it appears in
gmake[1]: *** [CMakeFiles/cmTC_79460.dir/build.make:78: CMakeFiles/cmTC_79460.dir/CheckSymbolExists.c.o] Error 1
gmake[1]: Leaving directory '/home/danield/Documents/TinyOpenglEngine/build/CMakeFiles/CMakeTmp'
gmake: *** [Makefile:127: cmTC_79460/fast] Error 2


File /home/danield/Documents/TinyOpenglEngine/build/CMakeFiles/CMakeTmp/CheckSymbolExists.c:
/* */
#include <stddef.h>
#include <stdarg.h>
#include <stdlib.h>
#include <string.h>
#include <stdio.h>
#include <wchar.h>
#include <float.h>

int main(int argc, char** argv)
{
  (void)argv;
#ifndef wcslcpy
  return ((int*)(&wcslcpy))[argc];
#else
  (void)argc;
  return 0;
#endif
}
Determining if the _wcsicmp exist failed with the following output:
Change Dir: /home/danield/Documents/TinyOpenglEngine/build/CMakeFiles/CMakeTmp

Run Build Command(s):/usr/bin/gmake -f Makefile cmTC_93b56/fast && /usr/bin/gmake  -f CMakeFiles/cmTC_93b56.dir/build.make CMakeFiles/cmTC_93b56.dir/build
gmake[1]: Entering directory '/home/danield/Documents/TinyOpenglEngine/build/CMakeFiles/CMakeTmp'
Building C object CMakeFiles/cmTC_93b56.dir/CheckSymbolExists.c.o
/usr/bin/gcc   -idirafter "/home/danield/Documents/TinyOpenglEngine/imgui-cmake/libs/SDL/src/video/khronos"  -o CMakeFiles/cmTC_93b56.dir/CheckSymbolExists.c.o -c /home/danield/Documents/TinyOpenglEngine/build/CMakeFiles/CMakeTmp/CheckSymbolExists.c
/home/danield/Documents/TinyOpenglEngine/build/CMakeFiles/CMakeTmp/CheckSymbolExists.c: In function ‘main’:
/home/danield/Documents/TinyOpenglEngine/build/CMakeFiles/CMakeTmp/CheckSymbolExists.c:14:19: error: ‘_wcsicmp’ undeclared (first use in this function); did you mean ‘wcsncmp’?
   14 |   return ((int*)(&_wcsicmp))[argc];
      |                   ^~~~~~~~
      |                   wcsncmp
/home/danield/Documents/TinyOpenglEngine/build/CMakeFiles/CMakeTmp/CheckSymbolExists.c:14:19: note: each undeclared identifier is reported only once for each function it appears in
gmake[1]: *** [CMakeFiles/cmTC_93b56.dir/build.make:78: CMakeFiles/cmTC_93b56.dir/CheckSymbolExists.c.o] Error 1
gmake[1]: Leaving directory '/home/danield/Documents/TinyOpenglEngine/build/CMakeFiles/CMakeTmp'
gmake: *** [Makefile:127: cmTC_93b56/fast] Error 2


File /home/danield/Documents/TinyOpenglEngine/build/CMakeFiles/CMakeTmp/CheckSymbolExists.c:
/* */
#include <stddef.h>
#include <stdarg.h>
#include <stdlib.h>
#include <string.h>
#include <stdio.h>
#include <wchar.h>
#include <float.h>

int main(int argc, char** argv)
{
  (void)argv;
#ifndef _wcsicmp
  return ((int*)(&_wcsicmp))[argc];
#else
  (void)argc;
  return 0;
#endif
}
Determining if the _wcsnicmp exist failed with the following output:
Change Dir: /home/danield/Documents/TinyOpenglEngine/build/CMakeFiles/CMakeTmp

Run Build Command(s):/usr/bin/gmake -f Makefile cmTC_4d669/fast && /usr/bin/gmake  -f CMakeFiles/cmTC_4d669.dir/build.make CMakeFiles/cmTC_4d669.dir/build
gmake[1]: Entering directory '/home/danield/Documents/TinyOpenglEngine/build/CMakeFiles/CMakeTmp'
Building C object CMakeFiles/cmTC_4d669.dir/CheckSymbolExists.c.o
/usr/bin/gcc   -idirafter "/home/danield/Documents/TinyOpenglEngine/imgui-cmake/libs/SDL/src/video/khronos"  -o CMakeFiles/cmTC_4d669.dir/CheckSymbolExists.c.o -c /home/danield/Documents/TinyOpenglEngine/build/CMakeFiles/CMakeTmp/CheckSymbolExists.c
/home/danield/Documents/TinyOpenglEngine/build/CMakeFiles/CMakeTmp/CheckSymbolExists.c: In function ‘main’:
/home/danield/Documents/TinyOpenglEngine/build/CMakeFiles/CMakeTmp/CheckSymbolExists.c:14:19: error: ‘_wcsnicmp’ undeclared (first use in this function); did you mean ‘wcsncmp’?
   14 |   return ((int*)(&_wcsnicmp))[argc];
      |                   ^~~~~~~~~
      |                   wcsncmp
/home/danield/Documents/TinyOpenglEngine/build/CMakeFiles/CMakeTmp/CheckSymbolExists.c:14:19: note: each undeclared identifier is reported only once for each function it appears in
gmake[1]: *** [CMakeFiles/cmTC_4d669.dir/build.make:78: CMakeFiles/cmTC_4d669.dir/CheckSymbolExists.c.o] Error 1
gmake[1]: Leaving directory '/home/danield/Documents/TinyOpenglEngine/build/CMakeFiles/CMakeTmp'
gmake: *** [Makefile:127: cmTC_4d669/fast] Error 2


File /home/danield/Documents/TinyOpenglEngine/build/CMakeFiles/CMakeTmp/CheckSymbolExists.c:
/* */
#include <stddef.h>
#include <stdarg.h>
#include <stdlib.h>
#include <string.h>
#include <stdio.h>
#include <wchar.h>
#include <float.h>

int main(int argc, char** argv)
{
  (void)argv;
#ifndef _wcsnicmp
  return ((int*)(&_wcsnicmp))[argc];
#else
  (void)argc;
  return 0;
#endif
}
Determining if the fopen64 exist failed with the following output:
Change Dir: /home/danield/Documents/TinyOpenglEngine/build/CMakeFiles/CMakeTmp

Run Build Command(s):/usr/bin/gmake -f Makefile cmTC_b3856/fast && /usr/bin/gmake  -f CMakeFiles/cmTC_b3856.dir/build.make CMakeFiles/cmTC_b3856.dir/build
gmake[1]: Entering directory '/home/danield/Documents/TinyOpenglEngine/build/CMakeFiles/CMakeTmp'
Building C object CMakeFiles/cmTC_b3856.dir/CheckSymbolExists.c.o
/usr/bin/gcc   -idirafter "/home/danield/Documents/TinyOpenglEngine/imgui-cmake/libs/SDL/src/video/khronos"  -o CMakeFiles/cmTC_b3856.dir/CheckSymbolExists.c.o -c /home/danield/Documents/TinyOpenglEngine/build/CMakeFiles/CMakeTmp/CheckSymbolExists.c
/home/danield/Documents/TinyOpenglEngine/build/CMakeFiles/CMakeTmp/CheckSymbolExists.c: In function ‘main’:
/home/danield/Documents/TinyOpenglEngine/build/CMakeFiles/CMakeTmp/CheckSymbolExists.c:14:19: error: ‘fopen64’ undeclared (first use in this function); did you mean ‘fopen’?
   14 |   return ((int*)(&fopen64))[argc];
      |                   ^~~~~~~
      |                   fopen
/home/danield/Documents/TinyOpenglEngine/build/CMakeFiles/CMakeTmp/CheckSymbolExists.c:14:19: note: each undeclared identifier is reported only once for each function it appears in
gmake[1]: *** [CMakeFiles/cmTC_b3856.dir/build.make:78: CMakeFiles/cmTC_b3856.dir/CheckSymbolExists.c.o] Error 1
gmake[1]: Leaving directory '/home/danield/Documents/TinyOpenglEngine/build/CMakeFiles/CMakeTmp'
gmake: *** [Makefile:127: cmTC_b3856/fast] Error 2


File /home/danield/Documents/TinyOpenglEngine/build/CMakeFiles/CMakeTmp/CheckSymbolExists.c:
/* */
#include <stddef.h>
#include <stdarg.h>
#include <stdlib.h>
#include <string.h>
#include <stdio.h>
#include <wchar.h>
#include <float.h>

int main(int argc, char** argv)
{
  (void)argv;
#ifndef fopen64
  return ((int*)(&fopen64))[argc];
#else
  (void)argc;
  return 0;
#endif
}
Determining if the fseeko64 exist failed with the following output:
Change Dir: /home/danield/Documents/TinyOpenglEngine/build/CMakeFiles/CMakeTmp

Run Build Command(s):/usr/bin/gmake -f Makefile cmTC_c1df0/fast && /usr/bin/gmake  -f CMakeFiles/cmTC_c1df0.dir/build.make CMakeFiles/cmTC_c1df0.dir/build
gmake[1]: Entering directory '/home/danield/Documents/TinyOpenglEngine/build/CMakeFiles/CMakeTmp'
Building C object CMakeFiles/cmTC_c1df0.dir/CheckSymbolExists.c.o
/usr/bin/gcc   -idirafter "/home/danield/Documents/TinyOpenglEngine/imgui-cmake/libs/SDL/src/video/khronos"  -o CMakeFiles/cmTC_c1df0.dir/CheckSymbolExists.c.o -c /home/danield/Documents/TinyOpenglEngine/build/CMakeFiles/CMakeTmp/CheckSymbolExists.c
/home/danield/Documents/TinyOpenglEngine/build/CMakeFiles/CMakeTmp/CheckSymbolExists.c: In function ‘main’:
/home/danield/Documents/TinyOpenglEngine/build/CMakeFiles/CMakeTmp/CheckSymbolExists.c:14:19: error: ‘fseeko64’ undeclared (first use in this function); did you mean ‘fseeko’?
   14 |   return ((int*)(&fseeko64))[argc];
      |                   ^~~~~~~~
      |                   fseeko
/home/danield/Documents/TinyOpenglEngine/build/CMakeFiles/CMakeTmp/CheckSymbolExists.c:14:19: note: each undeclared identifier is reported only once for each function it appears in
gmake[1]: *** [CMakeFiles/cmTC_c1df0.dir/build.make:78: CMakeFiles/cmTC_c1df0.dir/CheckSymbolExists.c.o] Error 1
gmake[1]: Leaving directory '/home/danield/Documents/TinyOpenglEngine/build/CMakeFiles/CMakeTmp'
gmake: *** [Makefile:127: cmTC_c1df0/fast] Error 2


File /home/danield/Documents/TinyOpenglEngine/build/CMakeFiles/CMakeTmp/CheckSymbolExists.c:
/* */
#include <stddef.h>
#include <stdarg.h>
#include <stdlib.h>
#include <string.h>
#include <stdio.h>
#include <wchar.h>
#include <float.h>

int main(int argc, char** argv)
{
  (void)argv;
#ifndef fseeko64
  return ((int*)(&fseeko64))[argc];
#else
  (void)argc;
  return 0;
#endif
}
Determining if the sysctlbyname exist failed with the following output:
Change Dir: /home/danield/Documents/TinyOpenglEngine/build/CMakeFiles/CMakeTmp

Run Build Command(s):/usr/bin/gmake -f Makefile cmTC_1fe4e/fast && /usr/bin/gmake  -f CMakeFiles/cmTC_1fe4e.dir/build.make CMakeFiles/cmTC_1fe4e.dir/build
gmake[1]: Entering directory '/home/danield/Documents/TinyOpenglEngine/build/CMakeFiles/CMakeTmp'
Building C object CMakeFiles/cmTC_1fe4e.dir/CheckSymbolExists.c.o
/usr/bin/gcc   -idirafter "/home/danield/Documents/TinyOpenglEngine/imgui-cmake/libs/SDL/src/video/khronos"  -o CMakeFiles/cmTC_1fe4e.dir/CheckSymbolExists.c.o -c /home/danield/Documents/TinyOpenglEngine/build/CMakeFiles/CMakeTmp/CheckSymbolExists.c
/home/danield/Documents/TinyOpenglEngine/build/CMakeFiles/CMakeTmp/CheckSymbolExists.c:3:10: fatal error: sys/sysctl.h: No such file or directory
    3 | #include <sys/sysctl.h>
      |          ^~~~~~~~~~~~~~
compilation terminated.
gmake[1]: *** [CMakeFiles/cmTC_1fe4e.dir/build.make:78: CMakeFiles/cmTC_1fe4e.dir/CheckSymbolExists.c.o] Error 1
gmake[1]: Leaving directory '/home/danield/Documents/TinyOpenglEngine/build/CMakeFiles/CMakeTmp'
gmake: *** [Makefile:127: cmTC_1fe4e/fast] Error 2


File /home/danield/Documents/TinyOpenglEngine/build/CMakeFiles/CMakeTmp/CheckSymbolExists.c:
/* */
#include <sys/types.h>
#include <sys/sysctl.h>

int main(int argc, char** argv)
{
  (void)argv;
#ifndef sysctlbyname
  return ((int*)(&sysctlbyname))[argc];
#else
  (void)argc;
  return 0;
#endif
}
Determining if the elf_aux_info exist failed with the following output:
Change Dir: /home/danield/Documents/TinyOpenglEngine/build/CMakeFiles/CMakeTmp

Run Build Command(s):/usr/bin/gmake -f Makefile cmTC_74603/fast && /usr/bin/gmake  -f CMakeFiles/cmTC_74603.dir/build.make CMakeFiles/cmTC_74603.dir/build
gmake[1]: Entering directory '/home/danield/Documents/TinyOpenglEngine/build/CMakeFiles/CMakeTmp'
Building C object CMakeFiles/cmTC_74603.dir/CheckSymbolExists.c.o
/usr/bin/gcc   -idirafter "/home/danield/Documents/TinyOpenglEngine/imgui-cmake/libs/SDL/src/video/khronos"  -o CMakeFiles/cmTC_74603.dir/CheckSymbolExists.c.o -c /home/danield/Documents/TinyOpenglEngine/build/CMakeFiles/CMakeTmp/CheckSymbolExists.c
/home/danield/Documents/TinyOpenglEngine/build/CMakeFiles/CMakeTmp/CheckSymbolExists.c: In function ‘main’:
/home/danield/Documents/TinyOpenglEngine/build/CMakeFiles/CMakeTmp/CheckSymbolExists.c:8:19: error: ‘elf_aux_info’ undeclared (first use in this function)
    8 |   return ((int*)(&elf_aux_info))[argc];
      |                   ^~~~~~~~~~~~
/home/danield/Documents/TinyOpenglEngine/build/CMakeFiles/CMakeTmp/CheckSymbolExists.c:8:19: note: each undeclared identifier is reported only once for each function it appears in
gmake[1]: *** [CMakeFiles/cmTC_74603.dir/build.make:78: CMakeFiles/cmTC_74603.dir/CheckSymbolExists.c.o] Error 1
gmake[1]: Leaving directory '/home/danield/Documents/TinyOpenglEngine/build/CMakeFiles/CMakeTmp'
gmake: *** [Makefile:127: cmTC_74603/fast] Error 2


File /home/danield/Documents/TinyOpenglEngine/build/CMakeFiles/CMakeTmp/CheckSymbolExists.c:
/* */
#include <sys/auxv.h>

int main(int argc, char** argv)
{
  (void)argv;
#ifndef elf_aux_info
  return ((int*)(&elf_aux_info))[argc];
#else
  (void)argc;
  return 0;
#endif
}
Determining if the function iconv_open exists in the iconv failed with the following output:
Change Dir: /home/danield/Documents/TinyOpenglEngine/build/CMakeFiles/CMakeTmp

Run Build Command(s):/usr/bin/gmake -f Makefile cmTC_23eb7/fast && /usr/bin/gmake  -f CMakeFiles/cmTC_23eb7.dir/build.make CMakeFiles/cmTC_23eb7.dir/build
gmake[1]: Entering directory '/home/danield/Documents/TinyOpenglEngine/build/CMakeFiles/CMakeTmp'
Building C object CMakeFiles/cmTC_23eb7.dir/CheckFunctionExists.c.o
/usr/bin/gcc   -idirafter "/home/danield/Documents/TinyOpenglEngine/imgui-cmake/libs/SDL/src/video/khronos" -DCHECK_FUNCTION_EXISTS=iconv_open -o CMakeFiles/cmTC_23eb7.dir/CheckFunctionExists.c.o -c /usr/share/cmake-3.22/Modules/CheckFunctionExists.c
Linking C executable cmTC_23eb7
/usr/bin/cmake -E cmake_link_script CMakeFiles/cmTC_23eb7.dir/link.txt --verbose=1
/usr/bin/gcc  -idirafter "/home/danield/Documents/TinyOpenglEngine/imgui-cmake/libs/SDL/src/video/khronos" -DCHECK_FUNCTION_EXISTS=iconv_open CMakeFiles/cmTC_23eb7.dir/CheckFunctionExists.c.o -o cmTC_23eb7  -liconv 
/usr/bin/ld: cannot find -liconv: No such file or directory
collect2: error: ld returned 1 exit status
gmake[1]: *** [CMakeFiles/cmTC_23eb7.dir/build.make:99: cmTC_23eb7] Error 1
gmake[1]: Leaving directory '/home/danield/Documents/TinyOpenglEngine/build/CMakeFiles/CMakeTmp'
gmake: *** [Makefile:127: cmTC_23eb7/fast] Error 2



Determining if the alloca exist failed with the following output:
Change Dir: /home/danield/Documents/TinyOpenglEngine/build/CMakeFiles/CMakeTmp

Run Build Command(s):/usr/bin/gmake -f Makefile cmTC_65c40/fast && /usr/bin/gmake  -f CMakeFiles/cmTC_65c40.dir/build.make CMakeFiles/cmTC_65c40.dir/build
gmake[1]: Entering directory '/home/danield/Documents/TinyOpenglEngine/build/CMakeFiles/CMakeTmp'
Building C object CMakeFiles/cmTC_65c40.dir/CheckSymbolExists.c.o
/usr/bin/gcc   -idirafter "/home/danield/Documents/TinyOpenglEngine/imgui-cmake/libs/SDL/src/video/khronos"  -o CMakeFiles/cmTC_65c40.dir/CheckSymbolExists.c.o -c /home/danield/Documents/TinyOpenglEngine/build/CMakeFiles/CMakeTmp/CheckSymbolExists.c
/home/danield/Documents/TinyOpenglEngine/build/CMakeFiles/CMakeTmp/CheckSymbolExists.c: In function ‘main’:
/home/danield/Documents/TinyOpenglEngine/build/CMakeFiles/CMakeTmp/CheckSymbolExists.c:8:19: error: ‘alloca’ undeclared (first use in this function); did you mean ‘valloc’?
    8 |   return ((int*)(&alloca))[argc];
      |                   ^~~~~~
      |                   valloc
/home/danield/Documents/TinyOpenglEngine/build/CMakeFiles/CMakeTmp/CheckSymbolExists.c:8:19: note: each undeclared identifier is reported only once for each function it appears in
gmake[1]: *** [CMakeFiles/cmTC_65c40.dir/build.make:78: CMakeFiles/cmTC_65c40.dir/CheckSymbolExists.c.o] Error 1
gmake[1]: Leaving directory '/home/danield/Documents/TinyOpenglEngine/build/CMakeFiles/CMakeTmp'
gmake: *** [Makefile:127: cmTC_65c40/fast] Error 2


File /home/danield/Documents/TinyOpenglEngine/build/CMakeFiles/CMakeTmp/CheckSymbolExists.c:
/* */
#include <malloc.h>

int main(int argc, char** argv)
{
  (void)argv;
#ifndef alloca
  return ((int*)(&alloca))[argc];
#else
  (void)argc;
  return 0;
#endif
}
Determining if the include file alsa/asoundlib.h exists failed with the following output:
Change Dir: /home/danield/Documents/TinyOpenglEngine/build/CMakeFiles/CMakeTmp

Run Build Command(s):/usr/bin/gmake -f Makefile cmTC_4f5a9/fast && /usr/bin/gmake  -f CMakeFiles/cmTC_4f5a9.dir/build.make CMakeFiles/cmTC_4f5a9.dir/build
gmake[1]: Entering directory '/home/danield/Documents/TinyOpenglEngine/build/CMakeFiles/CMakeTmp'
Building C object CMakeFiles/cmTC_4f5a9.dir/CheckIncludeFile.c.o
/usr/bin/gcc   -idirafter "/home/danield/Documents/TinyOpenglEngine/imgui-cmake/libs/SDL/src/video/khronos"  -o CMakeFiles/cmTC_4f5a9.dir/CheckIncludeFile.c.o -c /home/danield/Documents/TinyOpenglEngine/build/CMakeFiles/CMakeTmp/CheckIncludeFile.c
/home/danield/Documents/TinyOpenglEngine/build/CMakeFiles/CMakeTmp/CheckIncludeFile.c:1:10: fatal error: alsa/asoundlib.h: No such file or directory
    1 | #include <alsa/asoundlib.h>
      |          ^~~~~~~~~~~~~~~~~~
compilation terminated.
gmake[1]: *** [CMakeFiles/cmTC_4f5a9.dir/build.make:78: CMakeFiles/cmTC_4f5a9.dir/CheckIncludeFile.c.o] Error 1
gmake[1]: Leaving directory '/home/danield/Documents/TinyOpenglEngine/build/CMakeFiles/CMakeTmp'
gmake: *** [Makefile:127: cmTC_4f5a9/fast] Error 2



Determining if the include file audio/audiolib.h exists failed with the following output:
Change Dir: /home/danield/Documents/TinyOpenglEngine/build/CMakeFiles/CMakeTmp

Run Build Command(s):/usr/bin/gmake -f Makefile cmTC_fd964/fast && /usr/bin/gmake  -f CMakeFiles/cmTC_fd964.dir/build.make CMakeFiles/cmTC_fd964.dir/build
gmake[1]: Entering directory '/home/danield/Documents/TinyOpenglEngine/build/CMakeFiles/CMakeTmp'
Building C object CMakeFiles/cmTC_fd964.dir/CheckIncludeFile.c.o
/usr/bin/gcc   -idirafter "/home/danield/Documents/TinyOpenglEngine/imgui-cmake/libs/SDL/src/video/khronos"  -o CMakeFiles/cmTC_fd964.dir/CheckIncludeFile.c.o -c /home/danield/Documents/TinyOpenglEngine/build/CMakeFiles/CMakeTmp/CheckIncludeFile.c
/home/danield/Documents/TinyOpenglEngine/build/CMakeFiles/CMakeTmp/CheckIncludeFile.c:1:10: fatal error: audio/audiolib.h: No such file or directory
    1 | #include <audio/audiolib.h>
      |          ^~~~~~~~~~~~~~~~~~
compilation terminated.
gmake[1]: *** [CMakeFiles/cmTC_fd964.dir/build.make:78: CMakeFiles/cmTC_fd964.dir/CheckIncludeFile.c.o] Error 1
gmake[1]: Leaving directory '/home/danield/Documents/TinyOpenglEngine/build/CMakeFiles/CMakeTmp'
gmake: *** [Makefile:127: cmTC_fd964/fast] Error 2



Determining if the include file sndio.h exists failed with the following output:
Change Dir: /home/danield/Documents/TinyOpenglEngine/build/CMakeFiles/CMakeTmp

Run Build Command(s):/usr/bin/gmake -f Makefile cmTC_9ac70/fast && /usr/bin/gmake  -f CMakeFiles/cmTC_9ac70.dir/build.make CMakeFiles/cmTC_9ac70.dir/build
gmake[1]: Entering directory '/home/danield/Documents/TinyOpenglEngine/build/CMakeFiles/CMakeTmp'
Building C object CMakeFiles/cmTC_9ac70.dir/CheckIncludeFile.c.o
/usr/bin/gcc   -idirafter "/home/danield/Documents/TinyOpenglEngine/imgui-cmake/libs/SDL/src/video/khronos"  -o CMakeFiles/cmTC_9ac70.dir/CheckIncludeFile.c.o -c /home/danield/Documents/TinyOpenglEngine/build/CMakeFiles/CMakeTmp/CheckIncludeFile.c
/home/danield/Documents/TinyOpenglEngine/build/CMakeFiles/CMakeTmp/CheckIncludeFile.c:1:10: fatal error: sndio.h: No such file or directory
    1 | #include <sndio.h>
      |          ^~~~~~~~~
compilation terminated.
gmake[1]: *** [CMakeFiles/cmTC_9ac70.dir/build.make:78: CMakeFiles/cmTC_9ac70.dir/CheckIncludeFile.c.o] Error 1
gmake[1]: Leaving directory '/home/danield/Documents/TinyOpenglEngine/build/CMakeFiles/CMakeTmp'
gmake: *** [Makefile:127: cmTC_9ac70/fast] Error 2



Determining if the include file samplerate.h exists failed with the following output:
Change Dir: /home/danield/Documents/TinyOpenglEngine/build/CMakeFiles/CMakeTmp

Run Build Command(s):/usr/bin/gmake -f Makefile cmTC_fcd7b/fast && /usr/bin/gmake  -f CMakeFiles/cmTC_fcd7b.dir/build.make CMakeFiles/cmTC_fcd7b.dir/build
gmake[1]: Entering directory '/home/danield/Documents/TinyOpenglEngine/build/CMakeFiles/CMakeTmp'
Building C object CMakeFiles/cmTC_fcd7b.dir/CheckIncludeFile.c.o
/usr/bin/gcc   -idirafter "/home/danield/Documents/TinyOpenglEngine/imgui-cmake/libs/SDL/src/video/khronos"  -o CMakeFiles/cmTC_fcd7b.dir/CheckIncludeFile.c.o -c /home/danield/Documents/TinyOpenglEngine/build/CMakeFiles/CMakeTmp/CheckIncludeFile.c
/home/danield/Documents/TinyOpenglEngine/build/CMakeFiles/CMakeTmp/CheckIncludeFile.c:1:10: fatal error: samplerate.h: No such file or directory
    1 | #include <samplerate.h>
      |          ^~~~~~~~~~~~~~
compilation terminated.
gmake[1]: *** [CMakeFiles/cmTC_fcd7b.dir/build.make:78: CMakeFiles/cmTC_fcd7b.dir/CheckIncludeFile.c.o] Error 1
gmake[1]: Leaving directory '/home/danield/Documents/TinyOpenglEngine/build/CMakeFiles/CMakeTmp'
gmake: *** [Makefile:127: cmTC_fcd7b/fast] Error 2



Performing C SOURCE FILE Test HAVE_RPI failed with the following output:
Change Dir: /home/danield/Documents/TinyOpenglEngine/build/CMakeFiles/CMakeTmp

Run Build Command(s):/usr/bin/gmake -f Makefile cmTC_6ce6d/fast && /usr/bin/gmake  -f CMakeFiles/cmTC_6ce6d.dir/build.make CMakeFiles/cmTC_6ce6d.dir/build
gmake[1]: Entering directory '/home/danield/Documents/TinyOpenglEngine/build/CMakeFiles/CMakeTmp'
Building C object CMakeFiles/cmTC_6ce6d.dir/src.c.o
/usr/bin/gcc -DHAVE_RPI  -idirafter "/home/danield/Documents/TinyOpenglEngine/imgui-cmake/libs/SDL/src/video/khronos"  -I/opt/vc/include/interface/vmcs_host/linux/ -I/opt/vc/include/interface/vcos/pthreads -I/opt/vc/include  -L/opt/vc/lib -o CMakeFiles/cmTC_6ce6d.dir/src.c.o -c /home/danield/Documents/TinyOpenglEngine/build/CMakeFiles/CMakeTmp/src.c
/home/danield/Documents/TinyOpenglEngine/build/CMakeFiles/CMakeTmp/src.c:2:18: fatal error: bcm_host.h: No such file or directory
    2 |         #include <bcm_host.h>
      |                  ^~~~~~~~~~~~
compilation terminated.
gmake[1]: *** [CMakeFiles/cmTC_6ce6d.dir/build.make:78: CMakeFiles/cmTC_6ce6d.dir/src.c.o] Error 1
gmake[1]: Leaving directory '/home/danield/Documents/TinyOpenglEngine/build/CMakeFiles/CMakeTmp'
gmake: *** [Makefile:127: cmTC_6ce6d/fast] Error 2


Source file was:

        #include <bcm_host.h>
        #include <EGL/eglplatform.h>
        int main(int argc, char **argv) {
          EGL_DISPMANX_WINDOW_T window;
          bcm_host_init();
        }
Determining if the include file X11/extensions/scrnsaver.h exists failed with the following output:
Change Dir: /home/danield/Documents/TinyOpenglEngine/build/CMakeFiles/CMakeTmp

Run Build Command(s):/usr/bin/gmake -f Makefile cmTC_9116c/fast && /usr/bin/gmake  -f CMakeFiles/cmTC_9116c.dir/build.make CMakeFiles/cmTC_9116c.dir/build
gmake[1]: Entering directory '/home/danield/Documents/TinyOpenglEngine/build/CMakeFiles/CMakeTmp'
Building C object CMakeFiles/cmTC_9116c.dir/CheckIncludeFile.c.o
/usr/bin/gcc   -idirafter "/home/danield/Documents/TinyOpenglEngine/imgui-cmake/libs/SDL/src/video/khronos"  -o CMakeFiles/cmTC_9116c.dir/CheckIncludeFile.c.o -c /home/danield/Documents/TinyOpenglEngine/build/CMakeFiles/CMakeTmp/CheckIncludeFile.c
/home/danield/Documents/TinyOpenglEngine/build/CMakeFiles/CMakeTmp/CheckIncludeFile.c:1:10: fatal error: X11/extensions/scrnsaver.h: No such file or directory
    1 | #include <X11/extensions/scrnsaver.h>
      |          ^~~~~~~~~~~~~~~~~~~~~~~~~~~~
compilation terminated.
gmake[1]: *** [CMakeFiles/cmTC_9116c.dir/build.make:78: CMakeFiles/cmTC_9116c.dir/CheckIncludeFile.c.o] Error 1
gmake[1]: Leaving directory '/home/danield/Documents/TinyOpenglEngine/build/CMakeFiles/CMakeTmp'
gmake: *** [Makefile:127: cmTC_9116c/fast] Error 2



Performing C SOURCE FILE Test HAVE_VIVANTE_VDK failed with the following output:
Change Dir: /home/danield/Documents/TinyOpenglEngine/build/CMakeFiles/CMakeTmp

Run Build Command(s):/usr/bin/gmake -f Makefile cmTC_ab653/fast && /usr/bin/gmake  -f CMakeFiles/cmTC_ab653.dir/build.make CMakeFiles/cmTC_ab653.dir/build
gmake[1]: Entering directory '/home/danield/Documents/TinyOpenglEngine/build/CMakeFiles/CMakeTmp'
Building C object CMakeFiles/cmTC_ab653.dir/src.c.o
/usr/bin/gcc -DHAVE_VIVANTE_VDK  -idirafter "/home/danield/Documents/TinyOpenglEngine/imgui-cmake/libs/SDL/src/video/khronos"  -o CMakeFiles/cmTC_ab653.dir/src.c.o -c /home/danield/Documents/TinyOpenglEngine/build/CMakeFiles/CMakeTmp/src.c
/home/danield/Documents/TinyOpenglEngine/build/CMakeFiles/CMakeTmp/src.c:2:18: fatal error: gc_vdk.h: No such file or directory
    2 |         #include <gc_vdk.h>
      |                  ^~~~~~~~~~
compilation terminated.
gmake[1]: *** [CMakeFiles/cmTC_ab653.dir/build.make:78: CMakeFiles/cmTC_ab653.dir/src.c.o] Error 1
gmake[1]: Leaving directory '/home/danield/Documents/TinyOpenglEngine/build/CMakeFiles/CMakeTmp'
gmake: *** [Makefile:127: cmTC_ab653/fast] Error 2


Source file was:

        #include <gc_vdk.h>
        int main(int argc, char** argv) { return 0; }
Performing C SOURCE FILE Test HAVE_VIVANTE_EGL_FB failed with the following output:
Change Dir: /home/danield/Documents/TinyOpenglEngine/build/CMakeFiles/CMakeTmp

Run Build Command(s):/usr/bin/gmake -f Makefile cmTC_5c7b9/fast && /usr/bin/gmake  -f CMakeFiles/cmTC_5c7b9.dir/build.make CMakeFiles/cmTC_5c7b9.dir/build
gmake[1]: Entering directory '/home/danield/Documents/TinyOpenglEngine/build/CMakeFiles/CMakeTmp'
Building C object CMakeFiles/cmTC_5c7b9.dir/src.c.o
/usr/bin/gcc -DHAVE_VIVANTE_EGL_FB  -idirafter "/home/danield/Documents/TinyOpenglEngine/imgui-cmake/libs/SDL/src/video/khronos"  -o CMakeFiles/cmTC_5c7b9.dir/src.c.o -c /home/danield/Documents/TinyOpenglEngine/build/CMakeFiles/CMakeTmp/src.c
/home/danield/Documents/TinyOpenglEngine/build/CMakeFiles/CMakeTmp/src.c:4:18: fatal error: EGL/eglvivante.h: No such file or directory
    4 |         #include <EGL/eglvivante.h>
      |                  ^~~~~~~~~~~~~~~~~~
compilation terminated.
gmake[1]: *** [CMakeFiles/cmTC_5c7b9.dir/build.make:78: CMakeFiles/cmTC_5c7b9.dir/src.c.o] Error 1
gmake[1]: Leaving directory '/home/danield/Documents/TinyOpenglEngine/build/CMakeFiles/CMakeTmp'
gmake: *** [Makefile:127: cmTC_5c7b9/fast] Error 2


Source file was:

        #define LINUX
        #define EGL_API_FB
        #include <EGL/eglvivante.h>
        int main(int argc, char** argv) { return 0; }
Determining if files pthread_np.h exist failed with the following output:
Change Dir: /home/danield/Documents/TinyOpenglEngine/build/CMakeFiles/CMakeTmp

Run Build Command(s):/usr/bin/gmake -f Makefile cmTC_42987/fast && /usr/bin/gmake  -f CMakeFiles/cmTC_42987.dir/build.make CMakeFiles/cmTC_42987.dir/build
gmake[1]: Entering directory '/home/danield/Documents/TinyOpenglEngine/build/CMakeFiles/CMakeTmp'
Building C object CMakeFiles/cmTC_42987.dir/HAVE_PTHREAD_NP_H.c.o
/usr/bin/gcc   -idirafter "/home/danield/Documents/TinyOpenglEngine/imgui-cmake/libs/SDL/src/video/khronos"  -D_REENTRANT -pthread -o CMakeFiles/cmTC_42987.dir/HAVE_PTHREAD_NP_H.c.o -c /home/danield/Documents/TinyOpenglEngine/build/CMakeFiles/CheckIncludeFiles/HAVE_PTHREAD_NP_H.c
/home/danield/Documents/TinyOpenglEngine/build/CMakeFiles/CheckIncludeFiles/HAVE_PTHREAD_NP_H.c:2:10: fatal error: pthread_np.h: No such file or directory
    2 | #include <pthread_np.h>
      |          ^~~~~~~~~~~~~~
compilation terminated.
gmake[1]: *** [CMakeFiles/cmTC_42987.dir/build.make:78: CMakeFiles/cmTC_42987.dir/HAVE_PTHREAD_NP_H.c.o] Error 1
gmake[1]: Leaving directory '/home/danield/Documents/TinyOpenglEngine/build/CMakeFiles/CMakeTmp'
gmake: *** [Makefile:127: cmTC_42987/fast] Error 2


Source:
/* */
#include <pthread_np.h>


int main(void){return 0;}

